<?xml version="1.0" encoding="UTF-8"?>
<!-- Generated by org.testng.reporters.JUnitXMLReporter -->
<testsuite ignored="0" hostname="Bharathi" failures="0" tests="2" name="Default test" time="38.193" errors="0" timestamp="2025-12-06T13:02:07 EST">
  <testcase classname="practiceProject.testng.ErrorValidationsTest" name="loginErrorValidation" time="0.847"/>
  <testcase classname="practiceProject.testng.ErrorValidationsTest" name="productErrorValidation" time="28.727"/>
</testsuite> <!-- Default test -->
