<?xml version="1.0" encoding="UTF-8"?>
<!-- Generated by org.testng.reporters.JUnitXMLReporter -->
<testsuite ignored="0" hostname="Bharathi" failures="0" tests="3" name="End To End Test" time="83.792" errors="0" timestamp="2025-12-06T13:08:04 EST">
  <testcase classname="practiceProject.testng.ECommerceTest" name="submitOrder" time="32.14"/>
  <testcase classname="practiceProject.testng.ECommerceTest" name="submitOrder" time="24.6"/>
  <testcase classname="practiceProject.testng.ECommerceTest" name="checkInOrderHistory" time="2.911"/>
</testsuite> <!-- End To End Test -->
