<?xml version="1.0" encoding="UTF-8"?>
<!-- Generated by org.testng.reporters.JUnitXMLReporter -->
<testsuite ignored="0" hostname="Bharathi" failures="1" tests="3" name="Error Validations Test" time="85.596" errors="0" timestamp="2025-12-06T13:08:04 EST">
  <testcase classname="practiceProject.testng.ErrorValidationsTest" name="loginErrorValidation" time="1.508"/>
  <testcase classname="practiceProject.testng.ErrorValidationsTest" name="productErrorValidation" time="37.54">
    <skipped/>
  </testcase> <!-- productErrorValidation -->
  <testcase classname="practiceProject.testng.ErrorValidationsTest" name="productErrorValidation" time="23.04">
    <failure type="java.lang.AssertionError" message="ZARA COAT 3 is not added to cart expected [true] but found [false]">
      <![CDATA[java.lang.AssertionError: ZARA COAT 3 is not added to cart expected [true] but found [false]
at practiceProject.testng.ErrorValidationsTest.productErrorValidation(ErrorValidationsTest.java:68)
at java.base/java.util.ArrayList.forEach(ArrayList.java:1596)
at java.base/java.util.concurrent.FutureTask.run(FutureTask.java:317)
at java.base/java.util.concurrent.ThreadPoolExecutor.runWorker(ThreadPoolExecutor.java:1144)
at java.base/java.util.concurrent.ThreadPoolExecutor$Worker.run(ThreadPoolExecutor.java:642)
at java.base/java.lang.Thread.run(Thread.java:1583)
... Removed 18 stack frames]]>
    </failure>
  </testcase> <!-- productErrorValidation -->
</testsuite> <!-- Error Validations Test -->
