<?xml version="1.0" encoding="UTF-8"?>
<!-- Generated by org.testng.reporters.JUnitXMLReporter -->
<testsuite ignored="0" hostname="Bharathi" failures="0" tests="2" name="Error Validations Test" time="39.815" errors="0" timestamp="2025-11-24T11:10:50 EST">
  <testcase classname="practiceProject.ErrorValidationsTest" name="loginErrorValidation" time="1.298"/>
  <testcase classname="practiceProject.ErrorValidationsTest" name="productErrorValidation" time="26.514"/>
</testsuite> <!-- Error Validations Test -->
