<?xml version="1.0" encoding="UTF-8"?>
<!-- Generated by org.testng.reporters.JUnitReportReporter -->
<testsuite hostname="Bharathi" failures="0" tests="3" name="practiceProject.testng.ECommerceTest" time="83.463" errors="0" timestamp="2025-12-06T13:08:05 EST" skipped="0">
  <testcase classname="practiceProject.testng.ECommerceTest" name="submitOrder" time="31.898"/>
  <testcase classname="practiceProject.testng.ECommerceTest" name="submitOrder" time="40.232"/>
  <testcase classname="practiceProject.testng.ECommerceTest" name="checkInOrderHistory" time="11.333"/>
</testsuite> <!-- practiceProject.testng.ECommerceTest -->
