<?xml version="1.0" encoding="UTF-8"?>
<!-- Generated by org.testng.reporters.JUnitReportReporter -->
<testsuite hostname="Bharathi" failures="0" tests="2" name="practiceProject.cucumber.TestNGCucumberTestRunner" time="66.469" errors="0" timestamp="2025-11-25T23:43:48 EST" skipped="0">
  <testcase classname="practiceProject.cucumber.TestNGCucumberTestRunner" name="runScenario" time="32.918"/>
  <testcase classname="practiceProject.cucumber.TestNGCucumberTestRunner" name="runScenario" time="33.551"/>
</testsuite> <!-- practiceProject.cucumber.TestNGCucumberTestRunner -->
