<?xml version="1.0" encoding="UTF-8"?>
<!-- Generated by org.testng.reporters.JUnitReportReporter -->
<testsuite hostname="Bharathi" failures="0" tests="3" name="practiceProject.ECommerceTest" time="70.993" errors="0" timestamp="2025-11-21T22:59:44 EST" skipped="0">
  <testcase classname="practiceProject.ECommerceTest" name="submitOrder" time="29.547"/>
  <testcase classname="practiceProject.ECommerceTest" name="submitOrder" time="32.865"/>
  <testcase classname="practiceProject.ECommerceTest" name="checkInOrderHistory" time="8.581"/>
</testsuite> <!-- practiceProject.ECommerceTest -->
