<?xml version="1.0" encoding="UTF-8"?>
<!-- Generated by org.testng.reporters.JUnitReportReporter -->
<testsuite hostname="Bharathi" failures="0" tests="2" name="practiceProject.cucumber.TestNGCucumberTestRunner" time="127.585" errors="0" timestamp="2025-11-25T23:49:04 EST" skipped="0">
  <testcase classname="practiceProject.cucumber.TestNGCucumberTestRunner" name="runScenario" time="81.959"/>
  <testcase classname="practiceProject.cucumber.TestNGCucumberTestRunner" name="runScenario" time="45.626"/>
</testsuite> <!-- practiceProject.cucumber.TestNGCucumberTestRunner -->
