<?xml version="1.0" encoding="UTF-8"?>
<!-- Generated by org.testng.reporters.JUnitReportReporter -->
<testsuite hostname="Bharathi" failures="0" tests="2" name="practiceProject.ErrorValidationsTest" time="39.735" errors="0" timestamp="2025-11-24T11:11:17 EST" skipped="0">
  <testcase classname="practiceProject.ErrorValidationsTest" name="loginErrorValidation" time="5.896"/>
  <testcase classname="practiceProject.ErrorValidationsTest" name="productErrorValidation" time="33.839"/>
</testsuite> <!-- practiceProject.ErrorValidationsTest -->
